Using pre-set license
Built from '2020.2/staging' branch; Version is '2020.2.6f1 (8a2143876886) revision 9052483'; Using compiler version '192528614'; Build Type 'Release'
OS: 'Windows 10 Home; OS build 19041.804; Version 2004; 64bit' Language: 'en' Physical Memory: 32708 MB
BatchMode: 1, IsHumanControllingUs: 0, StartBugReporterOnCrash: 0, Is64bit: 1, IsPro: 0

 COMMAND LINE ARGUMENTS:
C:\Program Files\Unity\Hub\Editor\2020.2.6f1\Editor\Unity.exe
-adb2
-batchMode
-noUpm
-name
AssetImportWorker0
-projectPath
C:/Users/Jerry M/Documents/ProjectsAstro_GIt/Assignment09-JerryMayton/Assignment09
-logFile
Logs/AssetImportWorker0.log
-srvPort
50221
Successfully changed project path to: C:/Users/Jerry M/Documents/ProjectsAstro_GIt/Assignment09-JerryMayton/Assignment09
C:/Users/Jerry M/Documents/ProjectsAstro_GIt/Assignment09-JerryMayton/Assignment09
Using Asset Import Pipeline V2.
Refreshing native plugins compatible for Editor in 23.57 ms, found 0 plugins.
Preloading 0 native plugins for Editor in 0.00 ms.
Initialize engine version: 2020.2.6f1 (8a2143876886)
[Subsystems] Discovering subsystems at path C:/Program Files/Unity/Hub/Editor/2020.2.6f1/Editor/Data/Resources/UnitySubsystems
[Subsystems] Discovering subsystems at path C:/Users/Jerry M/Documents/ProjectsAstro_GIt/Assignment09-JerryMayton/Assignment09/Assets
GfxDevice: creating device client; threaded=0
Direct3D:
    Version:  Direct3D 11.0 [level 11.1]
    Renderer: NVIDIA GeForce GTX 1070 (ID=0x1b81)
    Vendor:   
    VRAM:     8088 MB
    Driver:   27.21.14.6079
Initialize mono
Mono path[0] = 'C:/Program Files/Unity/Hub/Editor/2020.2.6f1/Editor/Data/Managed'
Mono path[1] = 'C:/Program Files/Unity/Hub/Editor/2020.2.6f1/Editor/Data/MonoBleedingEdge/lib/mono/unityjit'
Mono config path = 'C:/Program Files/Unity/Hub/Editor/2020.2.6f1/Editor/Data/MonoBleedingEdge/etc'
Using monoOptions --debugger-agent=transport=dt_socket,embedding=1,server=y,suspend=n,address=127.0.0.1:56948
Begin MonoManager ReloadAssembly
Registering precompiled unity dll's ...
Register platform support module: C:/Program Files/Unity/Hub/Editor/2020.2.6f1/Editor/Data/PlaybackEngines/MacStandaloneSupport/UnityEditor.OSXStandalone.Extensions.dll
Register platform support module: C:/Program Files/Unity/Hub/Editor/2020.2.6f1/Editor/Data/PlaybackEngines/WindowsStandaloneSupport/UnityEditor.WindowsStandalone.Extensions.dll
Register platform support module: C:/Program Files/Unity/Hub/Editor/2020.2.6f1/Editor/Data/PlaybackEngines/LinuxStandaloneSupport/UnityEditor.LinuxStandalone.Extensions.dll
Registered in 0.003148 seconds.
Native extension for LinuxStandalone target not found
Native extension for WindowsStandalone target not found
Native extension for OSXStandalone target not found
Refreshing native plugins compatible for Editor in 24.78 ms, found 0 plugins.
Preloading 0 native plugins for Editor in 0.00 ms.
Invoked RoslynAnalysisRunner static constructor.
RoslynAnalysisRunner will not be running.
RoslynAnalysisRunner has terminated.
Mono: successfully reloaded assembly
- Completed reload, in  1.297 seconds
Platform modules already initialized, skipping
Registering precompiled user dll's ...
Registered in 0.000775 seconds.
Begin MonoManager ReloadAssembly
Native extension for LinuxStandalone target not found
Native extension for WindowsStandalone target not found
Native extension for OSXStandalone target not found
Refreshing native plugins compatible for Editor in 0.20 ms, found 0 plugins.
Preloading 0 native plugins for Editor in 0.00 ms.
Invoked RoslynAnalysisRunner static constructor.
RoslynAnalysisRunner will not be running.
RoslynAnalysisRunner has terminated.
Mono: successfully reloaded assembly
- Completed reload, in  0.877 seconds
Platform modules already initialized, skipping
========================================================================
Worker process is ready to serve import requests
Launched and connected shader compiler UnityShaderCompiler.exe after 0.05 seconds
Refreshing native plugins compatible for Editor in 0.18 ms, found 0 plugins.
Preloading 0 native plugins for Editor in 0.00 ms.
Unloading 1105 Unused Serialized files (Serialized files now loaded: 0)
System memory in use before: 57.0 MB.
System memory in use after: 57.1 MB.

Unloading 10 unused Assets to reduce memory usage. Loaded Objects now: 1547.
Total: 2.151600 ms (FindLiveObjects: 0.139300 ms CreateObjectMapping: 0.044300 ms MarkObjects: 1.859600 ms  DeleteObjects: 0.107200 ms)

========================================================================
Received Import Request.
  path: Assets/Scenes/LevelOne.unity
  artifactKey: Guid(9fc0d4010bbf28b4594072e72b8655ab) Importer(815301076,1909f56bfc062723c751e8b465ee728b)
Start importing Assets/Scenes/LevelOne.unity using Guid(9fc0d4010bbf28b4594072e72b8655ab) Importer(815301076,1909f56bfc062723c751e8b465ee728b)  -> (artifact id: '9c6a454b0b27b66ee9cab6be908fe625') in 0.017244 seconds
  Import took 0.019193 seconds .

========================================================================
Received Import Request.
  Time since last request: 15.910122 seconds.
  path: Assets/Scenes/New Scene.unity
  artifactKey: Guid(64e206dc0b5e7ea4a835b6a8ec3e789b) Importer(815301076,1909f56bfc062723c751e8b465ee728b)
Start importing Assets/Scenes/New Scene.unity using Guid(64e206dc0b5e7ea4a835b6a8ec3e789b) Importer(815301076,1909f56bfc062723c751e8b465ee728b)  -> (artifact id: '363ff00b6c905118779e6fefa2667b1a') in 0.010767 seconds
  Import took 0.012998 seconds .

========================================================================
Received Prepare
Registering precompiled user dll's ...
Registered in 0.000685 seconds.
Begin MonoManager ReloadAssembly
Native extension for LinuxStandalone target not found
Native extension for WindowsStandalone target not found
Native extension for OSXStandalone target not found
Refreshing native plugins compatible for Editor in 0.19 ms, found 0 plugins.
Preloading 0 native plugins for Editor in 0.00 ms.
Invoked RoslynAnalysisRunner static constructor.
RoslynAnalysisRunner will not be running.
RoslynAnalysisRunner has terminated.
Mono: successfully reloaded assembly
- Completed reload, in  0.807 seconds
Platform modules already initialized, skipping
Refreshing native plugins compatible for Editor in 0.22 ms, found 0 plugins.
Preloading 0 native plugins for Editor in 0.00 ms.
Unloading 1098 Unused Serialized files (Serialized files now loaded: 0)
System memory in use before: 56.9 MB.
System memory in use after: 57.0 MB.

Unloading 7 unused Assets to reduce memory usage. Loaded Objects now: 1547.
Total: 2.500900 ms (FindLiveObjects: 0.270700 ms CreateObjectMapping: 0.081100 ms MarkObjects: 2.036100 ms  DeleteObjects: 0.110700 ms)

========================================================================
Received Import Request.
  Time since last request: 18.267644 seconds.
  path: Assets/Scenes/LevelManager.unity
  artifactKey: Guid(b19a9c94920dc2c4f889e4af6e583d56) Importer(815301076,1909f56bfc062723c751e8b465ee728b)
Start importing Assets/Scenes/LevelManager.unity using Guid(b19a9c94920dc2c4f889e4af6e583d56) Importer(815301076,1909f56bfc062723c751e8b465ee728b)  -> (artifact id: '86aad39a378568bc82b85533888dff4d') in 0.016593 seconds
  Import took 0.018721 seconds .

========================================================================
Received Prepare
Registering precompiled user dll's ...
Registered in 0.000883 seconds.
Begin MonoManager ReloadAssembly
Native extension for LinuxStandalone target not found
Native extension for WindowsStandalone target not found
Native extension for OSXStandalone target not found
Refreshing native plugins compatible for Editor in 0.29 ms, found 0 plugins.
Preloading 0 native plugins for Editor in 0.00 ms.
Invoked RoslynAnalysisRunner static constructor.
RoslynAnalysisRunner will not be running.
RoslynAnalysisRunner has terminated.
Mono: successfully reloaded assembly
- Completed reload, in  0.821 seconds
Platform modules already initialized, skipping
Refreshing native plugins compatible for Editor in 0.19 ms, found 0 plugins.
Preloading 0 native plugins for Editor in 0.00 ms.
Unloading 1101 Unused Serialized files (Serialized files now loaded: 0)
System memory in use before: 57.1 MB.
System memory in use after: 57.2 MB.

Unloading 5 unused Assets to reduce memory usage. Loaded Objects now: 1552.
Total: 1.632800 ms (FindLiveObjects: 0.161600 ms CreateObjectMapping: 0.032900 ms MarkObjects: 1.361900 ms  DeleteObjects: 0.075100 ms)

========================================================================
Received Import Request.
  Time since last request: 400.050175 seconds.
  path: Assets/Assets
  artifactKey: Guid(fa9f91c17207e4747a28eb3646645c00) Importer(815301076,1909f56bfc062723c751e8b465ee728b)
Start importing Assets/Assets using Guid(fa9f91c17207e4747a28eb3646645c00) Importer(815301076,1909f56bfc062723c751e8b465ee728b)  -> (artifact id: 'f10b8f21c52057a140ad39b36433afd1') in 0.010232 seconds
  Import took 0.012429 seconds .

========================================================================
Received Import Request.
  Time since last request: 0.003926 seconds.
  path: Assets/Assets
  artifactKey: Guid(fa9f91c17207e4747a28eb3646645c00) Importer(815301076,1909f56bfc062723c751e8b465ee728b)
Start importing Assets/Assets using Guid(fa9f91c17207e4747a28eb3646645c00) Importer(815301076,1909f56bfc062723c751e8b465ee728b)  -> (artifact id: 'f10b8f21c52057a140ad39b36433afd1') in 0.003890 seconds
  Import took 0.006378 seconds .

========================================================================
Received Import Request.
  Time since last request: 1.386160 seconds.
  path: Assets/Assets/Materials
  artifactKey: Guid(69ce64286b7f6e8478db55979616f960) Importer(815301076,1909f56bfc062723c751e8b465ee728b)
Start importing Assets/Assets/Materials using Guid(69ce64286b7f6e8478db55979616f960) Importer(815301076,1909f56bfc062723c751e8b465ee728b)  -> (artifact id: '017ccf03fec644870ed8f8a5cb5d8bd0') in 0.010623 seconds
  Import took 0.012632 seconds .

========================================================================
Received Import Request.
  Time since last request: 8.149923 seconds.
  path: Assets/Assets/Scenes/Level_2.unity
  artifactKey: Guid(3dc983c8f399b0b4db8c89e0285db026) Importer(815301076,1909f56bfc062723c751e8b465ee728b)
Start importing Assets/Assets/Scenes/Level_2.unity using Guid(3dc983c8f399b0b4db8c89e0285db026) Importer(815301076,1909f56bfc062723c751e8b465ee728b)  -> (artifact id: '530a825ff7c721e6a3b03a744c0b3575') in 0.016331 seconds
  Import took 0.019197 seconds .

========================================================================
Received Import Request.
  Time since last request: 0.310933 seconds.
  path: Assets/Assets/Scenes/MainMenu.unity
  artifactKey: Guid(d4bfc2c1267f94e4c81008ca4cdfb77a) Importer(815301076,1909f56bfc062723c751e8b465ee728b)
Start importing Assets/Assets/Scenes/MainMenu.unity using Guid(d4bfc2c1267f94e4c81008ca4cdfb77a) Importer(815301076,1909f56bfc062723c751e8b465ee728b)  -> (artifact id: '94c6a24579f69f5b09afd75a26732ba4') in 0.009842 seconds
  Import took 0.012056 seconds .

========================================================================
Received Import Request.
  Time since last request: 7.172288 seconds.
  path: Assets/Assets/Scenes/Level_1.unity
  artifactKey: Guid(88ddc9da226abef4fb3135f66d04c223) Importer(815301076,1909f56bfc062723c751e8b465ee728b)
Start importing Assets/Assets/Scenes/Level_1.unity using Guid(88ddc9da226abef4fb3135f66d04c223) Importer(815301076,1909f56bfc062723c751e8b465ee728b)  -> (artifact id: '480ef38d165c98214b4c17bee655914d') in 0.011427 seconds
  Import took 0.013838 seconds .

========================================================================
Received Import Request.
  Time since last request: 68.929077 seconds.
  path: Assets/Logs/Packages-Update.log
  artifactKey: Guid(a831794647a3f8e4bb68184ca86c7f05) Importer(815301076,1909f56bfc062723c751e8b465ee728b)
Start importing Assets/Logs/Packages-Update.log using Guid(a831794647a3f8e4bb68184ca86c7f05) Importer(815301076,1909f56bfc062723c751e8b465ee728b)  -> (artifact id: '8ec9da64599fd8dc8d59072d1ebf3997') in 0.046347 seconds
  Import took 0.048904 seconds .

========================================================================
Received Prepare
Registering precompiled user dll's ...
Registered in 0.000876 seconds.
Begin MonoManager ReloadAssembly
Native extension for LinuxStandalone target not found
Native extension for WindowsStandalone target not found
Native extension for OSXStandalone target not found
Refreshing native plugins compatible for Editor in 0.19 ms, found 0 plugins.
Preloading 0 native plugins for Editor in 0.00 ms.
Invoked RoslynAnalysisRunner static constructor.
RoslynAnalysisRunner will not be running.
RoslynAnalysisRunner has terminated.
Mono: successfully reloaded assembly
- Completed reload, in  0.884 seconds
Platform modules already initialized, skipping
Refreshing native plugins compatible for Editor in 0.20 ms, found 0 plugins.
Preloading 0 native plugins for Editor in 0.00 ms.
Unloading 1101 Unused Serialized files (Serialized files now loaded: 0)
System memory in use before: 57.1 MB.
System memory in use after: 57.2 MB.

Unloading 5 unused Assets to reduce memory usage. Loaded Objects now: 1554.
Total: 1.614600 ms (FindLiveObjects: 0.124000 ms CreateObjectMapping: 0.032500 ms MarkObjects: 1.385400 ms  DeleteObjects: 0.071300 ms)

========================================================================
Received Import Request.
  Time since last request: 13.424089 seconds.
  path: Assets/obj/Debug/Assembly-CSharp.csproj.CoreCompileInputs.cache
  artifactKey: Guid(50cead93d05897945a233a10b5abe1f5) Importer(815301076,1909f56bfc062723c751e8b465ee728b)
Start importing Assets/obj/Debug/Assembly-CSharp.csproj.CoreCompileInputs.cache using Guid(50cead93d05897945a233a10b5abe1f5) Importer(815301076,1909f56bfc062723c751e8b465ee728b)  -> (artifact id: '01ac29087ecb96df8ed5289bf287315d') in 0.021272 seconds
  Import took 0.023435 seconds .

========================================================================
Received Prepare
Registering precompiled user dll's ...
Registered in 0.001033 seconds.
Begin MonoManager ReloadAssembly
Native extension for LinuxStandalone target not found
Native extension for WindowsStandalone target not found
Native extension for OSXStandalone target not found
Refreshing native plugins compatible for Editor in 0.24 ms, found 0 plugins.
Preloading 0 native plugins for Editor in 0.00 ms.
Invoked RoslynAnalysisRunner static constructor.
RoslynAnalysisRunner will not be running.
RoslynAnalysisRunner has terminated.
Mono: successfully reloaded assembly
- Completed reload, in  0.824 seconds
Platform modules already initialized, skipping
Refreshing native plugins compatible for Editor in 0.19 ms, found 0 plugins.
Preloading 0 native plugins for Editor in 0.00 ms.
Unloading 1101 Unused Serialized files (Serialized files now loaded: 0)
System memory in use before: 57.2 MB.
System memory in use after: 57.2 MB.

Unloading 5 unused Assets to reduce memory usage. Loaded Objects now: 1556.
Total: 2.021700 ms (FindLiveObjects: 0.136000 ms CreateObjectMapping: 0.033300 ms MarkObjects: 1.761800 ms  DeleteObjects: 0.089200 ms)

========================================================================
Received Import Request.
  Time since last request: 94.390066 seconds.
  path: Assets/Packages/manifest.json
  artifactKey: Guid(2a251b794f53cdb47a97679995325875) Importer(815301076,1909f56bfc062723c751e8b465ee728b)
Start importing Assets/Packages/manifest.json using Guid(2a251b794f53cdb47a97679995325875) Importer(815301076,1909f56bfc062723c751e8b465ee728b)  -> (artifact id: '9bc1fa7bd793972d23ba6f45f0831e40') in 0.019358 seconds
  Import took 0.021355 seconds .

========================================================================
Received Import Request.
  Time since last request: 0.002050 seconds.
  path: Assets/Packages/manifest.json
  artifactKey: Guid(2a251b794f53cdb47a97679995325875) Importer(815301076,1909f56bfc062723c751e8b465ee728b)
Start importing Assets/Packages/manifest.json using Guid(2a251b794f53cdb47a97679995325875) Importer(815301076,1909f56bfc062723c751e8b465ee728b)  -> (artifact id: '9bc1fa7bd793972d23ba6f45f0831e40') in 0.003844 seconds
  Import took 0.006297 seconds .

========================================================================
Received Prepare
Registering precompiled user dll's ...
Registered in 0.001007 seconds.
Begin MonoManager ReloadAssembly
Native extension for LinuxStandalone target not found
Native extension for WindowsStandalone target not found
Native extension for OSXStandalone target not found
Refreshing native plugins compatible for Editor in 0.20 ms, found 0 plugins.
Preloading 0 native plugins for Editor in 0.00 ms.
Invoked RoslynAnalysisRunner static constructor.
RoslynAnalysisRunner will not be running.
RoslynAnalysisRunner has terminated.
Mono: successfully reloaded assembly
- Completed reload, in  0.803 seconds
Platform modules already initialized, skipping
Refreshing native plugins compatible for Editor in 0.19 ms, found 0 plugins.
Preloading 0 native plugins for Editor in 0.00 ms.
Unloading 1101 Unused Serialized files (Serialized files now loaded: 0)
System memory in use before: 57.2 MB.
System memory in use after: 57.2 MB.

Unloading 5 unused Assets to reduce memory usage. Loaded Objects now: 1558.
Total: 1.963200 ms (FindLiveObjects: 0.158200 ms CreateObjectMapping: 0.039200 ms MarkObjects: 1.685800 ms  DeleteObjects: 0.078700 ms)

========================================================================
Received Prepare
Registering precompiled user dll's ...
Registered in 0.000732 seconds.
Begin MonoManager ReloadAssembly
Native extension for LinuxStandalone target not found
Native extension for WindowsStandalone target not found
Native extension for OSXStandalone target not found
Refreshing native plugins compatible for Editor in 0.24 ms, found 0 plugins.
Preloading 0 native plugins for Editor in 0.00 ms.
Invoked RoslynAnalysisRunner static constructor.
RoslynAnalysisRunner will not be running.
RoslynAnalysisRunner has terminated.
Mono: successfully reloaded assembly
- Completed reload, in  0.819 seconds
Platform modules already initialized, skipping
Refreshing native plugins compatible for Editor in 0.19 ms, found 0 plugins.
Preloading 0 native plugins for Editor in 0.00 ms.
Unloading 1101 Unused Serialized files (Serialized files now loaded: 0)
System memory in use before: 57.2 MB.
System memory in use after: 57.3 MB.

Unloading 5 unused Assets to reduce memory usage. Loaded Objects now: 1560.
Total: 1.761900 ms (FindLiveObjects: 0.202700 ms CreateObjectMapping: 0.043400 ms MarkObjects: 1.429700 ms  DeleteObjects: 0.084600 ms)

========================================================================
Received Import Request.
  Time since last request: 46.699823 seconds.
  path: Assets/Scenes
  artifactKey: Guid(f422ab46e7127204b8a9640353d081b2) Importer(815301076,1909f56bfc062723c751e8b465ee728b)
Start importing Assets/Scenes using Guid(f422ab46e7127204b8a9640353d081b2) Importer(815301076,1909f56bfc062723c751e8b465ee728b)  -> (artifact id: '07e86a94876ef0fe9ad5adab7d4c59fa') in 0.010027 seconds
  Import took 0.012037 seconds .

========================================================================
Received Import Request.
  Time since last request: 0.003598 seconds.
  path: Assets/Scenes
  artifactKey: Guid(f422ab46e7127204b8a9640353d081b2) Importer(815301076,1909f56bfc062723c751e8b465ee728b)
Start importing Assets/Scenes using Guid(f422ab46e7127204b8a9640353d081b2) Importer(815301076,1909f56bfc062723c751e8b465ee728b)  -> (artifact id: '07e86a94876ef0fe9ad5adab7d4c59fa') in 0.003170 seconds
  Import took 0.005424 seconds .

========================================================================
Received Import Request.
  Time since last request: 133.026654 seconds.
  path: Assets/Scripts/Player.cs
  artifactKey: Guid(ab08a1c1cbfc6c0479727ae97999e22b) Importer(815301076,1909f56bfc062723c751e8b465ee728b)
Start importing Assets/Scripts/Player.cs using Guid(ab08a1c1cbfc6c0479727ae97999e22b) Importer(815301076,1909f56bfc062723c751e8b465ee728b)  -> (artifact id: '9cb071b2174f57291adccf2fea1a18ee') in 0.021770 seconds
  Import took 0.023568 seconds .

========================================================================
Received Import Request.
  Time since last request: 0.017504 seconds.
  path: Assets/Scripts/Player.cs
  artifactKey: Guid(ab08a1c1cbfc6c0479727ae97999e22b) Importer(815301076,1909f56bfc062723c751e8b465ee728b)
Start importing Assets/Scripts/Player.cs using Guid(ab08a1c1cbfc6c0479727ae97999e22b) Importer(815301076,1909f56bfc062723c751e8b465ee728b)  -> (artifact id: '9cb071b2174f57291adccf2fea1a18ee') in 0.004301 seconds
  Import took 0.006618 seconds .

========================================================================
Received Prepare
Registering precompiled user dll's ...
Registered in 0.001340 seconds.
Begin MonoManager ReloadAssembly
Native extension for LinuxStandalone target not found
Native extension for WindowsStandalone target not found
Native extension for OSXStandalone target not found
Refreshing native plugins compatible for Editor in 0.54 ms, found 0 plugins.
Preloading 0 native plugins for Editor in 0.00 ms.
Invoked RoslynAnalysisRunner static constructor.
RoslynAnalysisRunner will not be running.
RoslynAnalysisRunner has terminated.
Mono: successfully reloaded assembly
- Completed reload, in  1.087 seconds
Platform modules already initialized, skipping
Refreshing native plugins compatible for Editor in 0.51 ms, found 0 plugins.
Preloading 0 native plugins for Editor in 0.00 ms.
Unloading 1101 Unused Serialized files (Serialized files now loaded: 0)
System memory in use before: 57.2 MB.
System memory in use after: 57.3 MB.

Unloading 5 unused Assets to reduce memory usage. Loaded Objects now: 1562.
Total: 1.916300 ms (FindLiveObjects: 0.158600 ms CreateObjectMapping: 0.054700 ms MarkObjects: 1.615300 ms  DeleteObjects: 0.086500 ms)

========================================================================
Received Import Request.
  Time since last request: 49.874279 seconds.
  path: Assets/Scripts/Save_And_Load.cs
  artifactKey: Guid(7f99eea8b55000d4b8c374c53e74b842) Importer(815301076,1909f56bfc062723c751e8b465ee728b)
Start importing Assets/Scripts/Save_And_Load.cs using Guid(7f99eea8b55000d4b8c374c53e74b842) Importer(815301076,1909f56bfc062723c751e8b465ee728b)  -> (artifact id: 'b6cb5cff375e34484716c45e08276897') in 0.010587 seconds
  Import took 0.014896 seconds .

========================================================================
Received Import Request.
  Time since last request: 0.637177 seconds.
  path: Assets/Scripts/PlayerData.cs
  artifactKey: Guid(f7393a5f3afc1ba44b405cf8d146ebbb) Importer(815301076,1909f56bfc062723c751e8b465ee728b)
Start importing Assets/Scripts/PlayerData.cs using Guid(f7393a5f3afc1ba44b405cf8d146ebbb) Importer(815301076,1909f56bfc062723c751e8b465ee728b)  -> (artifact id: '5d21b389f21792a1972279279927624e') in 0.009812 seconds
  Import took 0.011982 seconds .

========================================================================
Received Import Request.
  Time since last request: 0.000968 seconds.
  path: Assets/Scripts/PlayerData.cs
  artifactKey: Guid(f7393a5f3afc1ba44b405cf8d146ebbb) Importer(815301076,1909f56bfc062723c751e8b465ee728b)
Start importing Assets/Scripts/PlayerData.cs using Guid(f7393a5f3afc1ba44b405cf8d146ebbb) Importer(815301076,1909f56bfc062723c751e8b465ee728b)  -> (artifact id: '5d21b389f21792a1972279279927624e') in 0.004695 seconds
  Import took 0.007790 seconds .

========================================================================
Received Import Request.
  Time since last request: 108.189429 seconds.
  path: Assets/Scripts/Player.cs
  artifactKey: Guid(ab08a1c1cbfc6c0479727ae97999e22b) Importer(815301076,1909f56bfc062723c751e8b465ee728b)
Start importing Assets/Scripts/Player.cs using Guid(ab08a1c1cbfc6c0479727ae97999e22b) Importer(815301076,1909f56bfc062723c751e8b465ee728b)  -> (artifact id: 'ca1f4696af83f137a941221cfea633be') in 0.004550 seconds
  Import took 0.008380 seconds .

========================================================================
Received Import Request.
  Time since last request: 0.004034 seconds.
  path: Assets/Scripts/Player.cs
  artifactKey: Guid(ab08a1c1cbfc6c0479727ae97999e22b) Importer(815301076,1909f56bfc062723c751e8b465ee728b)
Start importing Assets/Scripts/Player.cs using Guid(ab08a1c1cbfc6c0479727ae97999e22b) Importer(815301076,1909f56bfc062723c751e8b465ee728b)  -> (artifact id: 'ca1f4696af83f137a941221cfea633be') in 0.007933 seconds
  Import took 0.010187 seconds .

========================================================================
Received Prepare
Registering precompiled user dll's ...
Registered in 0.000938 seconds.
Begin MonoManager ReloadAssembly
Native extension for LinuxStandalone target not found
Native extension for WindowsStandalone target not found
Native extension for OSXStandalone target not found
Refreshing native plugins compatible for Editor in 0.30 ms, found 0 plugins.
Preloading 0 native plugins for Editor in 0.00 ms.
Invoked RoslynAnalysisRunner static constructor.
RoslynAnalysisRunner will not be running.
RoslynAnalysisRunner has terminated.
Mono: successfully reloaded assembly
- Completed reload, in  0.914 seconds
Platform modules already initialized, skipping
Refreshing native plugins compatible for Editor in 0.18 ms, found 0 plugins.
Preloading 0 native plugins for Editor in 0.00 ms.
Unloading 1101 Unused Serialized files (Serialized files now loaded: 0)
System memory in use before: 57.2 MB.
System memory in use after: 57.3 MB.

Unloading 5 unused Assets to reduce memory usage. Loaded Objects now: 1564.
Total: 2.385400 ms (FindLiveObjects: 0.186000 ms CreateObjectMapping: 0.042700 ms MarkObjects: 2.078200 ms  DeleteObjects: 0.076600 ms)

========================================================================
Received Prepare
Registering precompiled user dll's ...
Registered in 0.000992 seconds.
Begin MonoManager ReloadAssembly
Native extension for LinuxStandalone target not found
Native extension for WindowsStandalone target not found
Native extension for OSXStandalone target not found
Refreshing native plugins compatible for Editor in 0.19 ms, found 0 plugins.
Preloading 0 native plugins for Editor in 0.00 ms.
Invoked RoslynAnalysisRunner static constructor.
RoslynAnalysisRunner will not be running.
RoslynAnalysisRunner has terminated.
Mono: successfully reloaded assembly
- Completed reload, in  0.790 seconds
Platform modules already initialized, skipping
Refreshing native plugins compatible for Editor in 0.25 ms, found 0 plugins.
Preloading 0 native plugins for Editor in 0.00 ms.
Unloading 1101 Unused Serialized files (Serialized files now loaded: 0)
System memory in use before: 57.2 MB.
System memory in use after: 57.3 MB.

Unloading 5 unused Assets to reduce memory usage. Loaded Objects now: 1566.
Total: 2.068100 ms (FindLiveObjects: 0.137900 ms CreateObjectMapping: 0.061000 ms MarkObjects: 1.758000 ms  DeleteObjects: 0.110000 ms)

========================================================================
Received Prepare
Registering precompiled user dll's ...
Registered in 0.000679 seconds.
Begin MonoManager ReloadAssembly
Native extension for LinuxStandalone target not found
Native extension for WindowsStandalone target not found
Native extension for OSXStandalone target not found
Refreshing native plugins compatible for Editor in 0.18 ms, found 0 plugins.
Preloading 0 native plugins for Editor in 0.00 ms.
Invoked RoslynAnalysisRunner static constructor.
RoslynAnalysisRunner will not be running.
RoslynAnalysisRunner has terminated.
Mono: successfully reloaded assembly
- Completed reload, in  0.756 seconds
Platform modules already initialized, skipping
Refreshing native plugins compatible for Editor in 0.19 ms, found 0 plugins.
Preloading 0 native plugins for Editor in 0.00 ms.
Unloading 1101 Unused Serialized files (Serialized files now loaded: 0)
System memory in use before: 57.2 MB.
System memory in use after: 57.3 MB.

Unloading 5 unused Assets to reduce memory usage. Loaded Objects now: 1568.
Total: 2.043200 ms (FindLiveObjects: 0.147500 ms CreateObjectMapping: 0.067000 ms MarkObjects: 1.744900 ms  DeleteObjects: 0.081900 ms)

========================================================================
Received Import Request.
  Time since last request: 1304.134387 seconds.
  path: Assets/Scripts/Player.cs
  artifactKey: Guid(ab08a1c1cbfc6c0479727ae97999e22b) Importer(815301076,1909f56bfc062723c751e8b465ee728b)
Start importing Assets/Scripts/Player.cs using Guid(ab08a1c1cbfc6c0479727ae97999e22b) Importer(815301076,1909f56bfc062723c751e8b465ee728b)  -> (artifact id: '92d022daa88ed7a4edb9b3dc0d5ce912') in 0.005322 seconds
  Import took 0.007143 seconds .

========================================================================
Received Prepare
Registering precompiled user dll's ...
Registered in 0.001301 seconds.
Begin MonoManager ReloadAssembly
Native extension for LinuxStandalone target not found
Native extension for WindowsStandalone target not found
Native extension for OSXStandalone target not found
Refreshing native plugins compatible for Editor in 0.22 ms, found 0 plugins.
Preloading 0 native plugins for Editor in 0.00 ms.
Invoked RoslynAnalysisRunner static constructor.
RoslynAnalysisRunner will not be running.
RoslynAnalysisRunner has terminated.
Mono: successfully reloaded assembly
- Completed reload, in  1.080 seconds
Platform modules already initialized, skipping
Refreshing native plugins compatible for Editor in 0.20 ms, found 0 plugins.
Preloading 0 native plugins for Editor in 0.00 ms.
Unloading 1101 Unused Serialized files (Serialized files now loaded: 0)
System memory in use before: 57.2 MB.
System memory in use after: 57.3 MB.

Unloading 5 unused Assets to reduce memory usage. Loaded Objects now: 1570.
Total: 1.912800 ms (FindLiveObjects: 0.210000 ms CreateObjectMapping: 0.065100 ms MarkObjects: 1.590100 ms  DeleteObjects: 0.046300 ms)

========================================================================
Received Import Request.
  Time since last request: 226.770194 seconds.
  path: Assets/Scenes/New Scene.unity
  artifactKey: Guid(64e206dc0b5e7ea4a835b6a8ec3e789b) Importer(815301076,1909f56bfc062723c751e8b465ee728b)
Start importing Assets/Scenes/New Scene.unity using Guid(64e206dc0b5e7ea4a835b6a8ec3e789b) Importer(815301076,1909f56bfc062723c751e8b465ee728b)  -> (artifact id: '828d68fc23f4ae1c4e0333dbab5f9938') in 0.020606 seconds
  Import took 0.022652 seconds .

========================================================================
Received Prepare
Registering precompiled user dll's ...
Registered in 0.001077 seconds.
Begin MonoManager ReloadAssembly
Native extension for LinuxStandalone target not found
Native extension for WindowsStandalone target not found
Native extension for OSXStandalone target not found
Refreshing native plugins compatible for Editor in 0.30 ms, found 0 plugins.
Preloading 0 native plugins for Editor in 0.00 ms.
Invoked RoslynAnalysisRunner static constructor.
RoslynAnalysisRunner will not be running.
RoslynAnalysisRunner has terminated.
Mono: successfully reloaded assembly
- Completed reload, in  1.064 seconds
Platform modules already initialized, skipping
Refreshing native plugins compatible for Editor in 0.21 ms, found 0 plugins.
Preloading 0 native plugins for Editor in 0.00 ms.
Unloading 1098 Unused Serialized files (Serialized files now loaded: 0)
System memory in use before: 57.2 MB.
System memory in use after: 57.2 MB.

Unloading 8 unused Assets to reduce memory usage. Loaded Objects now: 1569.
Total: 1.630400 ms (FindLiveObjects: 0.160700 ms CreateObjectMapping: 0.042900 ms MarkObjects: 1.373400 ms  DeleteObjects: 0.052500 ms)

========================================================================
Received Prepare
Registering precompiled user dll's ...
Registered in 0.000722 seconds.
Begin MonoManager ReloadAssembly
Native extension for LinuxStandalone target not found
Native extension for WindowsStandalone target not found
Native extension for OSXStandalone target not found
Refreshing native plugins compatible for Editor in 0.20 ms, found 0 plugins.
Preloading 0 native plugins for Editor in 0.00 ms.
Invoked RoslynAnalysisRunner static constructor.
RoslynAnalysisRunner will not be running.
RoslynAnalysisRunner has terminated.
Mono: successfully reloaded assembly
- Completed reload, in  0.868 seconds
Platform modules already initialized, skipping
Refreshing native plugins compatible for Editor in 0.24 ms, found 0 plugins.
Preloading 0 native plugins for Editor in 0.00 ms.
Unloading 1101 Unused Serialized files (Serialized files now loaded: 0)
System memory in use before: 57.2 MB.
System memory in use after: 57.3 MB.

Unloading 5 unused Assets to reduce memory usage. Loaded Objects now: 1574.
Total: 1.927300 ms (FindLiveObjects: 0.248900 ms CreateObjectMapping: 0.050500 ms MarkObjects: 1.539600 ms  DeleteObjects: 0.087000 ms)

========================================================================
Received Prepare
Registering precompiled user dll's ...
Registered in 0.000698 seconds.
Begin MonoManager ReloadAssembly
Native extension for LinuxStandalone target not found
Native extension for WindowsStandalone target not found
Native extension for OSXStandalone target not found
Refreshing native plugins compatible for Editor in 0.19 ms, found 0 plugins.
Preloading 0 native plugins for Editor in 0.00 ms.
Invoked RoslynAnalysisRunner static constructor.
RoslynAnalysisRunner will not be running.
RoslynAnalysisRunner has terminated.
Mono: successfully reloaded assembly
- Completed reload, in  0.736 seconds
Platform modules already initialized, skipping
Refreshing native plugins compatible for Editor in 0.20 ms, found 0 plugins.
Preloading 0 native plugins for Editor in 0.00 ms.
Unloading 1101 Unused Serialized files (Serialized files now loaded: 0)
System memory in use before: 57.2 MB.
System memory in use after: 57.3 MB.

Unloading 5 unused Assets to reduce memory usage. Loaded Objects now: 1576.
Total: 1.977400 ms (FindLiveObjects: 0.167600 ms CreateObjectMapping: 0.057300 ms MarkObjects: 1.697000 ms  DeleteObjects: 0.054500 ms)

========================================================================
Received Prepare
Registering precompiled user dll's ...
Registered in 0.001101 seconds.
Begin MonoManager ReloadAssembly
Native extension for LinuxStandalone target not found
Native extension for WindowsStandalone target not found
Native extension for OSXStandalone target not found
Refreshing native plugins compatible for Editor in 0.32 ms, found 0 plugins.
Preloading 0 native plugins for Editor in 0.00 ms.
Invoked RoslynAnalysisRunner static constructor.
RoslynAnalysisRunner will not be running.
RoslynAnalysisRunner has terminated.
Mono: successfully reloaded assembly
- Completed reload, in  0.768 seconds
Platform modules already initialized, skipping
Refreshing native plugins compatible for Editor in 0.18 ms, found 0 plugins.
Preloading 0 native plugins for Editor in 0.00 ms.
Unloading 1101 Unused Serialized files (Serialized files now loaded: 0)
System memory in use before: 57.2 MB.
System memory in use after: 57.3 MB.

Unloading 5 unused Assets to reduce memory usage. Loaded Objects now: 1578.
Total: 1.818200 ms (FindLiveObjects: 0.190200 ms CreateObjectMapping: 0.042000 ms MarkObjects: 1.495000 ms  DeleteObjects: 0.089100 ms)

========================================================================
Received Import Request.
  Time since last request: 489.403115 seconds.
  path: Assets/Scenes
  artifactKey: Guid(7829f4dca5198f745952c38396fa4a4b) Importer(815301076,1909f56bfc062723c751e8b465ee728b)
Start importing Assets/Scenes using Guid(7829f4dca5198f745952c38396fa4a4b) Importer(815301076,1909f56bfc062723c751e8b465ee728b)  -> (artifact id: 'fc209ea2f2159fad7428a5499b92f413') in 0.008689 seconds
  Import took 0.010703 seconds .

========================================================================
Received Import Request.
  Time since last request: 0.004005 seconds.
  path: Assets/Scenes
  artifactKey: Guid(7829f4dca5198f745952c38396fa4a4b) Importer(815301076,1909f56bfc062723c751e8b465ee728b)
Start importing Assets/Scenes using Guid(7829f4dca5198f745952c38396fa4a4b) Importer(815301076,1909f56bfc062723c751e8b465ee728b)  -> (artifact id: 'fc209ea2f2159fad7428a5499b92f413') in 0.004073 seconds
  Import took 0.006155 seconds .

========================================================================
Received Import Request.
  Time since last request: 1471.569722 seconds.
  path: Assets/Scenes/MainMenuSettings.lighting
  artifactKey: Guid(6ba0d1a16d95e4a49affe43ff01c66be) Importer(815301076,1909f56bfc062723c751e8b465ee728b)
Start importing Assets/Scenes/MainMenuSettings.lighting using Guid(6ba0d1a16d95e4a49affe43ff01c66be) Importer(815301076,1909f56bfc062723c751e8b465ee728b)  -> (artifact id: 'f8bf41fabad58827bee0200ea033b6dc') in 0.017944 seconds
  Import took 0.020312 seconds .

========================================================================
Received Import Request.
  Time since last request: 1.727445 seconds.
  path: Assets/Scenes/MainMenuSettings.lighting
  artifactKey: Guid(6ba0d1a16d95e4a49affe43ff01c66be) Importer(815301076,1909f56bfc062723c751e8b465ee728b)
Start importing Assets/Scenes/MainMenuSettings.lighting using Guid(6ba0d1a16d95e4a49affe43ff01c66be) Importer(815301076,1909f56bfc062723c751e8b465ee728b)  -> (artifact id: 'f8bf41fabad58827bee0200ea033b6dc') in 0.003531 seconds
  Import took 0.005453 seconds .

========================================================================
Received Import Request.
  Time since last request: 8.293429 seconds.
  path: Assets/Scenes/MainMenu.unity
  artifactKey: Guid(d4bfc2c1267f94e4c81008ca4cdfb77a) Importer(815301076,1909f56bfc062723c751e8b465ee728b)
Start importing Assets/Scenes/MainMenu.unity using Guid(d4bfc2c1267f94e4c81008ca4cdfb77a) Importer(815301076,1909f56bfc062723c751e8b465ee728b)  -> (artifact id: '8685a3dd3aa904d14fdf5279e45a5b77') in 0.008268 seconds
  Import took 0.010365 seconds .

========================================================================
Received Prepare
Registering precompiled user dll's ...
Registered in 0.000788 seconds.
Begin MonoManager ReloadAssembly
Native extension for LinuxStandalone target not found
Native extension for WindowsStandalone target not found
Native extension for OSXStandalone target not found
Refreshing native plugins compatible for Editor in 0.19 ms, found 0 plugins.
Preloading 0 native plugins for Editor in 0.00 ms.
Invoked RoslynAnalysisRunner static constructor.
RoslynAnalysisRunner will not be running.
RoslynAnalysisRunner has terminated.
Mono: successfully reloaded assembly
- Completed reload, in  0.767 seconds
Platform modules already initialized, skipping
Refreshing native plugins compatible for Editor in 0.18 ms, found 0 plugins.
Preloading 0 native plugins for Editor in 0.00 ms.
Unloading 1101 Unused Serialized files (Serialized files now loaded: 0)
System memory in use before: 57.2 MB.
System memory in use after: 57.3 MB.

Unloading 5 unused Assets to reduce memory usage. Loaded Objects now: 1580.
Total: 2.061200 ms (FindLiveObjects: 0.303500 ms CreateObjectMapping: 0.079600 ms MarkObjects: 1.585600 ms  DeleteObjects: 0.091700 ms)

========================================================================
Received Prepare
Registering precompiled user dll's ...
Registered in 0.001400 seconds.
Begin MonoManager ReloadAssembly
Native extension for LinuxStandalone target not found
Native extension for WindowsStandalone target not found
Native extension for OSXStandalone target not found
Refreshing native plugins compatible for Editor in 0.19 ms, found 0 plugins.
Preloading 0 native plugins for Editor in 0.00 ms.
Invoked RoslynAnalysisRunner static constructor.
RoslynAnalysisRunner will not be running.
RoslynAnalysisRunner has terminated.
Mono: successfully reloaded assembly
- Completed reload, in  0.789 seconds
Platform modules already initialized, skipping
Refreshing native plugins compatible for Editor in 0.18 ms, found 0 plugins.
Preloading 0 native plugins for Editor in 0.00 ms.
Unloading 1101 Unused Serialized files (Serialized files now loaded: 0)
System memory in use before: 57.3 MB.
System memory in use after: 57.3 MB.

Unloading 5 unused Assets to reduce memory usage. Loaded Objects now: 1582.
Total: 1.963800 ms (FindLiveObjects: 0.238400 ms CreateObjectMapping: 0.108600 ms MarkObjects: 1.513900 ms  DeleteObjects: 0.101800 ms)

========================================================================
Received Prepare
Registering precompiled user dll's ...
Registered in 0.000709 seconds.
Begin MonoManager ReloadAssembly
Native extension for LinuxStandalone target not found
Native extension for WindowsStandalone target not found
Native extension for OSXStandalone target not found
Refreshing native plugins compatible for Editor in 0.19 ms, found 0 plugins.
Preloading 0 native plugins for Editor in 0.00 ms.
Invoked RoslynAnalysisRunner static constructor.
RoslynAnalysisRunner will not be running.
RoslynAnalysisRunner has terminated.
Mono: successfully reloaded assembly
- Completed reload, in  0.791 seconds
Platform modules already initialized, skipping
Refreshing native plugins compatible for Editor in 0.20 ms, found 0 plugins.
Preloading 0 native plugins for Editor in 0.00 ms.
Unloading 1101 Unused Serialized files (Serialized files now loaded: 0)
System memory in use before: 57.3 MB.
System memory in use after: 57.3 MB.

Unloading 5 unused Assets to reduce memory usage. Loaded Objects now: 1584.
Total: 1.611300 ms (FindLiveObjects: 0.149600 ms CreateObjectMapping: 0.037600 ms MarkObjects: 1.359800 ms  DeleteObjects: 0.063400 ms)

========================================================================
Received Prepare
Registering precompiled user dll's ...
Registered in 0.000974 seconds.
Begin MonoManager ReloadAssembly
Native extension for LinuxStandalone target not found
Native extension for WindowsStandalone target not found
Native extension for OSXStandalone target not found
Refreshing native plugins compatible for Editor in 0.18 ms, found 0 plugins.
Preloading 0 native plugins for Editor in 0.00 ms.
Invoked RoslynAnalysisRunner static constructor.
RoslynAnalysisRunner will not be running.
RoslynAnalysisRunner has terminated.
Mono: successfully reloaded assembly
- Completed reload, in  0.822 seconds
Platform modules already initialized, skipping
Refreshing native plugins compatible for Editor in 0.19 ms, found 0 plugins.
Preloading 0 native plugins for Editor in 0.00 ms.
Unloading 1101 Unused Serialized files (Serialized files now loaded: 0)
System memory in use before: 57.3 MB.
System memory in use after: 57.3 MB.

Unloading 5 unused Assets to reduce memory usage. Loaded Objects now: 1586.
Total: 1.839700 ms (FindLiveObjects: 0.266900 ms CreateObjectMapping: 0.054500 ms MarkObjects: 1.410400 ms  DeleteObjects: 0.105600 ms)

========================================================================
Received Prepare
Registering precompiled user dll's ...
Registered in 0.001304 seconds.
Begin MonoManager ReloadAssembly
Native extension for LinuxStandalone target not found
Native extension for WindowsStandalone target not found
Native extension for OSXStandalone target not found
Refreshing native plugins compatible for Editor in 0.23 ms, found 0 plugins.
Preloading 0 native plugins for Editor in 0.00 ms.
Invoked RoslynAnalysisRunner static constructor.
RoslynAnalysisRunner will not be running.
RoslynAnalysisRunner has terminated.
Mono: successfully reloaded assembly
- Completed reload, in  0.997 seconds
Platform modules already initialized, skipping
Refreshing native plugins compatible for Editor in 0.18 ms, found 0 plugins.
Preloading 0 native plugins for Editor in 0.00 ms.
Unloading 1101 Unused Serialized files (Serialized files now loaded: 0)
System memory in use before: 57.3 MB.
System memory in use after: 57.3 MB.

Unloading 5 unused Assets to reduce memory usage. Loaded Objects now: 1588.
Total: 1.947700 ms (FindLiveObjects: 0.222100 ms CreateObjectMapping: 0.045100 ms MarkObjects: 1.582600 ms  DeleteObjects: 0.097000 ms)

========================================================================
Received Prepare
Registering precompiled user dll's ...
Registered in 0.001084 seconds.
Begin MonoManager ReloadAssembly
Native extension for LinuxStandalone target not found
Native extension for WindowsStandalone target not found
Native extension for OSXStandalone target not found
Refreshing native plugins compatible for Editor in 0.28 ms, found 0 plugins.
Preloading 0 native plugins for Editor in 0.00 ms.
Invoked RoslynAnalysisRunner static constructor.
RoslynAnalysisRunner will not be running.
RoslynAnalysisRunner has terminated.
Mono: successfully reloaded assembly
- Completed reload, in  1.023 seconds
Platform modules already initialized, skipping
Refreshing native plugins compatible for Editor in 0.19 ms, found 0 plugins.
Preloading 0 native plugins for Editor in 0.00 ms.
Unloading 1101 Unused Serialized files (Serialized files now loaded: 0)
System memory in use before: 57.3 MB.
System memory in use after: 57.4 MB.

Unloading 5 unused Assets to reduce memory usage. Loaded Objects now: 1590.
Total: 2.389800 ms (FindLiveObjects: 0.281300 ms CreateObjectMapping: 0.088800 ms MarkObjects: 1.941000 ms  DeleteObjects: 0.077600 ms)

========================================================================
Received Prepare
Registering precompiled user dll's ...
Registered in 0.001286 seconds.
Begin MonoManager ReloadAssembly
Native extension for LinuxStandalone target not found
Native extension for WindowsStandalone target not found
Native extension for OSXStandalone target not found
Refreshing native plugins compatible for Editor in 0.39 ms, found 0 plugins.
Preloading 0 native plugins for Editor in 0.00 ms.
Invoked RoslynAnalysisRunner static constructor.
RoslynAnalysisRunner will not be running.
RoslynAnalysisRunner has terminated.
Mono: successfully reloaded assembly
- Completed reload, in  0.983 seconds
Platform modules already initialized, skipping
Refreshing native plugins compatible for Editor in 0.22 ms, found 0 plugins.
Preloading 0 native plugins for Editor in 0.00 ms.
Unloading 1101 Unused Serialized files (Serialized files now loaded: 0)
System memory in use before: 57.3 MB.
System memory in use after: 57.4 MB.

Unloading 5 unused Assets to reduce memory usage. Loaded Objects now: 1592.
Total: 1.754300 ms (FindLiveObjects: 0.182100 ms CreateObjectMapping: 0.054100 ms MarkObjects: 1.466400 ms  DeleteObjects: 0.050000 ms)

========================================================================
Received Prepare
Registering precompiled user dll's ...
Registered in 0.001030 seconds.
Begin MonoManager ReloadAssembly
Native extension for LinuxStandalone target not found
Native extension for WindowsStandalone target not found
Native extension for OSXStandalone target not found
Refreshing native plugins compatible for Editor in 0.38 ms, found 0 plugins.
Preloading 0 native plugins for Editor in 0.00 ms.
Invoked RoslynAnalysisRunner static constructor.
RoslynAnalysisRunner will not be running.
RoslynAnalysisRunner has terminated.
Mono: successfully reloaded assembly
- Completed reload, in  1.058 seconds
Platform modules already initialized, skipping
Refreshing native plugins compatible for Editor in 0.21 ms, found 0 plugins.
Preloading 0 native plugins for Editor in 0.00 ms.
Unloading 1101 Unused Serialized files (Serialized files now loaded: 0)
System memory in use before: 57.3 MB.
System memory in use after: 57.4 MB.

Unloading 5 unused Assets to reduce memory usage. Loaded Objects now: 1594.
Total: 2.685800 ms (FindLiveObjects: 0.695300 ms CreateObjectMapping: 0.183300 ms MarkObjects: 1.738200 ms  DeleteObjects: 0.066800 ms)

========================================================================
Received Prepare
Registering precompiled user dll's ...
Registered in 0.001233 seconds.
Begin MonoManager ReloadAssembly
Native extension for LinuxStandalone target not found
Native extension for WindowsStandalone target not found
Native extension for OSXStandalone target not found
Refreshing native plugins compatible for Editor in 0.20 ms, found 0 plugins.
Preloading 0 native plugins for Editor in 0.00 ms.
Invoked RoslynAnalysisRunner static constructor.
RoslynAnalysisRunner will not be running.
RoslynAnalysisRunner has terminated.
Mono: successfully reloaded assembly
- Completed reload, in  0.922 seconds
Platform modules already initialized, skipping
Refreshing native plugins compatible for Editor in 0.24 ms, found 0 plugins.
Preloading 0 native plugins for Editor in 0.00 ms.
Unloading 1101 Unused Serialized files (Serialized files now loaded: 0)
System memory in use before: 57.3 MB.
System memory in use after: 57.4 MB.

Unloading 5 unused Assets to reduce memory usage. Loaded Objects now: 1596.
Total: 1.817000 ms (FindLiveObjects: 0.258800 ms CreateObjectMapping: 0.084800 ms MarkObjects: 1.410500 ms  DeleteObjects: 0.061500 ms)

========================================================================
Received Prepare
Registering precompiled user dll's ...
Registered in 0.000867 seconds.
Begin MonoManager ReloadAssembly
Native extension for LinuxStandalone target not found
Native extension for WindowsStandalone target not found
Native extension for OSXStandalone target not found
Refreshing native plugins compatible for Editor in 0.31 ms, found 0 plugins.
Preloading 0 native plugins for Editor in 0.00 ms.
Invoked RoslynAnalysisRunner static constructor.
RoslynAnalysisRunner will not be running.
RoslynAnalysisRunner has terminated.
Mono: successfully reloaded assembly
- Completed reload, in  0.982 seconds
Platform modules already initialized, skipping
Refreshing native plugins compatible for Editor in 0.47 ms, found 0 plugins.
Preloading 0 native plugins for Editor in 0.00 ms.
Unloading 1101 Unused Serialized files (Serialized files now loaded: 0)
System memory in use before: 57.3 MB.
System memory in use after: 57.4 MB.

Unloading 5 unused Assets to reduce memory usage. Loaded Objects now: 1598.
Total: 2.190300 ms (FindLiveObjects: 0.219400 ms CreateObjectMapping: 0.070200 ms MarkObjects: 1.812200 ms  DeleteObjects: 0.086600 ms)

========================================================================
Received Prepare
Registering precompiled user dll's ...
Registered in 0.000775 seconds.
Begin MonoManager ReloadAssembly
Native extension for LinuxStandalone target not found
Native extension for WindowsStandalone target not found
Native extension for OSXStandalone target not found
Refreshing native plugins compatible for Editor in 0.38 ms, found 0 plugins.
Preloading 0 native plugins for Editor in 0.00 ms.
Invoked RoslynAnalysisRunner static constructor.
RoslynAnalysisRunner will not be running.
RoslynAnalysisRunner has terminated.
Mono: successfully reloaded assembly
- Completed reload, in  0.994 seconds
Platform modules already initialized, skipping
Refreshing native plugins compatible for Editor in 0.20 ms, found 0 plugins.
Preloading 0 native plugins for Editor in 0.00 ms.
Unloading 1101 Unused Serialized files (Serialized files now loaded: 0)
System memory in use before: 57.3 MB.
System memory in use after: 57.4 MB.

Unloading 5 unused Assets to reduce memory usage. Loaded Objects now: 1600.
Total: 1.910600 ms (FindLiveObjects: 0.257000 ms CreateObjectMapping: 0.060600 ms MarkObjects: 1.532100 ms  DeleteObjects: 0.059700 ms)

========================================================================
Received Prepare
Registering precompiled user dll's ...
Registered in 0.001414 seconds.
Begin MonoManager ReloadAssembly
Native extension for LinuxStandalone target not found
Native extension for WindowsStandalone target not found
Native extension for OSXStandalone target not found
Refreshing native plugins compatible for Editor in 0.50 ms, found 0 plugins.
Preloading 0 native plugins for Editor in 0.00 ms.
Invoked RoslynAnalysisRunner static constructor.
RoslynAnalysisRunner will not be running.
RoslynAnalysisRunner has terminated.
Mono: successfully reloaded assembly
- Completed reload, in  0.959 seconds
Platform modules already initialized, skipping
Refreshing native plugins compatible for Editor in 0.29 ms, found 0 plugins.
Preloading 0 native plugins for Editor in 0.00 ms.
Unloading 1101 Unused Serialized files (Serialized files now loaded: 0)
System memory in use before: 57.3 MB.
System memory in use after: 57.4 MB.

Unloading 5 unused Assets to reduce memory usage. Loaded Objects now: 1602.
Total: 2.047700 ms (FindLiveObjects: 0.241300 ms CreateObjectMapping: 0.057400 ms MarkObjects: 1.643900 ms  DeleteObjects: 0.103000 ms)

========================================================================
Received Import Request.
  Time since last request: 2157.713245 seconds.
  path: Assets/Scripts
  artifactKey: Guid(9b21a5fe616aebe44a87bd1cccb67349) Importer(815301076,1909f56bfc062723c751e8b465ee728b)
Start importing Assets/Scripts using Guid(9b21a5fe616aebe44a87bd1cccb67349) Importer(815301076,1909f56bfc062723c751e8b465ee728b)  -> (artifact id: 'f35e013054270691125dc94790cf75e7') in 0.015302 seconds
  Import took 0.017901 seconds .

========================================================================
Received Import Request.
  Time since last request: 2.669208 seconds.
  path: Assets/Scripts/Save_And_Load.cs
  artifactKey: Guid(7f99eea8b55000d4b8c374c53e74b842) Importer(815301076,1909f56bfc062723c751e8b465ee728b)
Start importing Assets/Scripts/Save_And_Load.cs using Guid(7f99eea8b55000d4b8c374c53e74b842) Importer(815301076,1909f56bfc062723c751e8b465ee728b)  -> (artifact id: 'bc1ca77c139741efddbb91755e4e6fa8') in 0.010438 seconds
  Import took 0.012924 seconds .

========================================================================
Received Import Request.
  Time since last request: 0.001848 seconds.
  path: Assets/Scripts/Save_And_Load.cs
  artifactKey: Guid(7f99eea8b55000d4b8c374c53e74b842) Importer(815301076,1909f56bfc062723c751e8b465ee728b)
Start importing Assets/Scripts/Save_And_Load.cs using Guid(7f99eea8b55000d4b8c374c53e74b842) Importer(815301076,1909f56bfc062723c751e8b465ee728b)  -> (artifact id: 'bc1ca77c139741efddbb91755e4e6fa8') in 0.005429 seconds
  Import took 0.008137 seconds .

========================================================================
Received Import Request.
  Time since last request: 8.938503 seconds.
  path: Assets/Scripts/SaveLoad.cs
  artifactKey: Guid(7f99eea8b55000d4b8c374c53e74b842) Importer(815301076,1909f56bfc062723c751e8b465ee728b)
Start importing Assets/Scripts/SaveLoad.cs using Guid(7f99eea8b55000d4b8c374c53e74b842) Importer(815301076,1909f56bfc062723c751e8b465ee728b)  -> (artifact id: 'fc148a9a7a7a1c5a38b861b046b1124d') in 0.014996 seconds
  Import took 0.018543 seconds .

========================================================================
Received Prepare
Registering precompiled user dll's ...
Registered in 0.000710 seconds.
Begin MonoManager ReloadAssembly
Native extension for LinuxStandalone target not found
Native extension for WindowsStandalone target not found
Native extension for OSXStandalone target not found
Refreshing native plugins compatible for Editor in 0.38 ms, found 0 plugins.
Preloading 0 native plugins for Editor in 0.00 ms.
Invoked RoslynAnalysisRunner static constructor.
RoslynAnalysisRunner will not be running.
RoslynAnalysisRunner has terminated.
Mono: successfully reloaded assembly
- Completed reload, in  0.978 seconds
Platform modules already initialized, skipping
Refreshing native plugins compatible for Editor in 0.25 ms, found 0 plugins.
Preloading 0 native plugins for Editor in 0.00 ms.
Unloading 1101 Unused Serialized files (Serialized files now loaded: 0)
System memory in use before: 57.3 MB.
System memory in use after: 57.4 MB.

Unloading 5 unused Assets to reduce memory usage. Loaded Objects now: 1604.
Total: 1.952400 ms (FindLiveObjects: 0.149600 ms CreateObjectMapping: 0.041000 ms MarkObjects: 1.690700 ms  DeleteObjects: 0.069800 ms)

========================================================================
Received Prepare
Registering precompiled user dll's ...
Registered in 0.000915 seconds.
Begin MonoManager ReloadAssembly
Native extension for LinuxStandalone target not found
Native extension for WindowsStandalone target not found
Native extension for OSXStandalone target not found
Refreshing native plugins compatible for Editor in 0.29 ms, found 0 plugins.
Preloading 0 native plugins for Editor in 0.00 ms.
Invoked RoslynAnalysisRunner static constructor.
RoslynAnalysisRunner will not be running.
RoslynAnalysisRunner has terminated.
Mono: successfully reloaded assembly
- Completed reload, in  0.967 seconds
Platform modules already initialized, skipping
Refreshing native plugins compatible for Editor in 0.28 ms, found 0 plugins.
Preloading 0 native plugins for Editor in 0.00 ms.
Unloading 1102 Unused Serialized files (Serialized files now loaded: 0)
System memory in use before: 57.4 MB.
System memory in use after: 57.4 MB.

Unloading 5 unused Assets to reduce memory usage. Loaded Objects now: 1607.
Total: 2.050700 ms (FindLiveObjects: 0.268800 ms CreateObjectMapping: 0.053000 ms MarkObjects: 1.648900 ms  DeleteObjects: 0.078700 ms)

========================================================================
Received Import Request.
  Time since last request: 17.478777 seconds.
  path: Assets/Scripts/Save_And_Load.cs
  artifactKey: Guid(d3b79e1e7df1ab54b97535e3a3d17a80) Importer(815301076,1909f56bfc062723c751e8b465ee728b)
Start importing Assets/Scripts/Save_And_Load.cs using Guid(d3b79e1e7df1ab54b97535e3a3d17a80) Importer(815301076,1909f56bfc062723c751e8b465ee728b)  -> (artifact id: '2deb867f01b4ebf9fa093b016c9e5a09') in 0.006722 seconds
  Import took 0.009475 seconds .

========================================================================
Received Import Request.
  Time since last request: 81.626011 seconds.
  path: Assets/Scripts/SaveLoad.cs
  artifactKey: Guid(d3b79e1e7df1ab54b97535e3a3d17a80) Importer(815301076,1909f56bfc062723c751e8b465ee728b)
Start importing Assets/Scripts/SaveLoad.cs using Guid(d3b79e1e7df1ab54b97535e3a3d17a80) Importer(815301076,1909f56bfc062723c751e8b465ee728b)  -> (artifact id: 'a4dc3dd927732a42a7463b698b4dc2cc') in 0.005264 seconds
  Import took 0.008145 seconds .

========================================================================
Received Prepare
Registering precompiled user dll's ...
Registered in 0.001636 seconds.
Begin MonoManager ReloadAssembly
Native extension for LinuxStandalone target not found
Native extension for WindowsStandalone target not found
Native extension for OSXStandalone target not found
Refreshing native plugins compatible for Editor in 0.32 ms, found 0 plugins.
Preloading 0 native plugins for Editor in 0.00 ms.
Invoked RoslynAnalysisRunner static constructor.
RoslynAnalysisRunner will not be running.
RoslynAnalysisRunner has terminated.
Mono: successfully reloaded assembly
- Completed reload, in  1.059 seconds
Platform modules already initialized, skipping
Refreshing native plugins compatible for Editor in 0.37 ms, found 0 plugins.
Preloading 0 native plugins for Editor in 0.00 ms.
Unloading 1101 Unused Serialized files (Serialized files now loaded: 0)
System memory in use before: 57.3 MB.
System memory in use after: 57.4 MB.

Unloading 6 unused Assets to reduce memory usage. Loaded Objects now: 1608.
Total: 3.023500 ms (FindLiveObjects: 0.329400 ms CreateObjectMapping: 0.138000 ms MarkObjects: 2.462700 ms  DeleteObjects: 0.091300 ms)

========================================================================
Received Import Request.
  Time since last request: 670.679118 seconds.
  path: Assets/Scenes/Level_2.unity
  artifactKey: Guid(3dc983c8f399b0b4db8c89e0285db026) Importer(815301076,1909f56bfc062723c751e8b465ee728b)
Start importing Assets/Scenes/Level_2.unity using Guid(3dc983c8f399b0b4db8c89e0285db026) Importer(815301076,1909f56bfc062723c751e8b465ee728b)  -> (artifact id: 'cb009ad7406ed52bdccb2060000a0e54') in 0.026078 seconds
  Import took 0.029442 seconds .

========================================================================
Received Import Request.
  Time since last request: 20.074396 seconds.
  path: Assets/Scenes/Level_1.unity
  artifactKey: Guid(88ddc9da226abef4fb3135f66d04c223) Importer(815301076,1909f56bfc062723c751e8b465ee728b)
Start importing Assets/Scenes/Level_1.unity using Guid(88ddc9da226abef4fb3135f66d04c223) Importer(815301076,1909f56bfc062723c751e8b465ee728b)  -> (artifact id: 'e2026be8b09aa233c12ed7c121ff06cc') in 0.015984 seconds
  Import took 0.020835 seconds .

========================================================================
Received Import Request.
  Time since last request: 20.593691 seconds.
  path: Assets/Scenes/MainMenu.unity
  artifactKey: Guid(d4bfc2c1267f94e4c81008ca4cdfb77a) Importer(815301076,1909f56bfc062723c751e8b465ee728b)
Start importing Assets/Scenes/MainMenu.unity using Guid(d4bfc2c1267f94e4c81008ca4cdfb77a) Importer(815301076,1909f56bfc062723c751e8b465ee728b)  -> (artifact id: 'bd8dc710b4c5e93aeb612b01a1795e78') in 0.018961 seconds
  Import took 0.024392 seconds .

========================================================================
Received Import Request.
  Time since last request: 78.695601 seconds.
  path: Assets/Scenes/Level_2.unity
  artifactKey: Guid(3dc983c8f399b0b4db8c89e0285db026) Importer(815301076,1909f56bfc062723c751e8b465ee728b)
Start importing Assets/Scenes/Level_2.unity using Guid(3dc983c8f399b0b4db8c89e0285db026) Importer(815301076,1909f56bfc062723c751e8b465ee728b)  -> (artifact id: 'd6a425c2d35230c180e167cb4ef9ea45') in 0.006003 seconds
  Import took 0.009166 seconds .

========================================================================
Received Import Request.
  Time since last request: 21.382352 seconds.
  path: Assets/Scenes/Level_1.unity
  artifactKey: Guid(88ddc9da226abef4fb3135f66d04c223) Importer(815301076,1909f56bfc062723c751e8b465ee728b)
Start importing Assets/Scenes/Level_1.unity using Guid(88ddc9da226abef4fb3135f66d04c223) Importer(815301076,1909f56bfc062723c751e8b465ee728b)  -> (artifact id: 'fb0a3d20274556ea0dbcd31557c6cfe4') in 0.005567 seconds
  Import took 0.008642 seconds .

========================================================================
Received Prepare
Registering precompiled user dll's ...
Registered in 0.000913 seconds.
Begin MonoManager ReloadAssembly
Native extension for LinuxStandalone target not found
Native extension for WindowsStandalone target not found
Native extension for OSXStandalone target not found
Refreshing native plugins compatible for Editor in 0.30 ms, found 0 plugins.
Preloading 0 native plugins for Editor in 0.00 ms.
Invoked RoslynAnalysisRunner static constructor.
RoslynAnalysisRunner will not be running.
RoslynAnalysisRunner has terminated.
Mono: successfully reloaded assembly
- Completed reload, in  0.983 seconds
Platform modules already initialized, skipping
Refreshing native plugins compatible for Editor in 0.23 ms, found 0 plugins.
Preloading 0 native plugins for Editor in 0.00 ms.
Unloading 1101 Unused Serialized files (Serialized files now loaded: 0)
System memory in use before: 57.4 MB.
System memory in use after: 57.5 MB.

Unloading 5 unused Assets to reduce memory usage. Loaded Objects now: 1610.
Total: 1.615300 ms (FindLiveObjects: 0.157200 ms CreateObjectMapping: 0.038700 ms MarkObjects: 1.349300 ms  DeleteObjects: 0.068800 ms)

========================================================================
Received Import Request.
  Time since last request: 51.608159 seconds.
  path: Assets/Scenes/MainMenu.unity
  artifactKey: Guid(d4bfc2c1267f94e4c81008ca4cdfb77a) Importer(815301076,1909f56bfc062723c751e8b465ee728b)
Start importing Assets/Scenes/MainMenu.unity using Guid(d4bfc2c1267f94e4c81008ca4cdfb77a) Importer(815301076,1909f56bfc062723c751e8b465ee728b)  -> (artifact id: '1c873b4e85503495d2281395c7174824') in 0.018483 seconds
  Import took 0.020858 seconds .

========================================================================
Received Import Request.
  Time since last request: 50.584355 seconds.
  path: Assets/Scenes/Level_2.unity
  artifactKey: Guid(3dc983c8f399b0b4db8c89e0285db026) Importer(815301076,1909f56bfc062723c751e8b465ee728b)
Start importing Assets/Scenes/Level_2.unity using Guid(3dc983c8f399b0b4db8c89e0285db026) Importer(815301076,1909f56bfc062723c751e8b465ee728b)  -> (artifact id: '63f6353914a2133b81bc0c6e47a8c04f') in 0.005049 seconds
  Import took 0.007364 seconds .

========================================================================
Received Prepare
Registering precompiled user dll's ...
Registered in 0.001258 seconds.
Begin MonoManager ReloadAssembly
Native extension for LinuxStandalone target not found
Native extension for WindowsStandalone target not found
Native extension for OSXStandalone target not found
Refreshing native plugins compatible for Editor in 0.23 ms, found 0 plugins.
Preloading 0 native plugins for Editor in 0.00 ms.
Invoked RoslynAnalysisRunner static constructor.
RoslynAnalysisRunner will not be running.
RoslynAnalysisRunner has terminated.
Mono: successfully reloaded assembly
- Completed reload, in  0.974 seconds
Platform modules already initialized, skipping
Refreshing native plugins compatible for Editor in 0.26 ms, found 0 plugins.
Preloading 0 native plugins for Editor in 0.00 ms.
Unloading 1101 Unused Serialized files (Serialized files now loaded: 0)
System memory in use before: 57.4 MB.
System memory in use after: 57.5 MB.

Unloading 5 unused Assets to reduce memory usage. Loaded Objects now: 1612.
Total: 2.799200 ms (FindLiveObjects: 0.798500 ms CreateObjectMapping: 0.205000 ms MarkObjects: 1.698400 ms  DeleteObjects: 0.094200 ms)

========================================================================
Received Prepare
Registering precompiled user dll's ...
Registered in 0.001034 seconds.
Begin MonoManager ReloadAssembly
Native extension for LinuxStandalone target not found
Native extension for WindowsStandalone target not found
Native extension for OSXStandalone target not found
Refreshing native plugins compatible for Editor in 0.34 ms, found 0 plugins.
Preloading 0 native plugins for Editor in 0.00 ms.
Invoked RoslynAnalysisRunner static constructor.
RoslynAnalysisRunner will not be running.
RoslynAnalysisRunner has terminated.
Mono: successfully reloaded assembly
- Completed reload, in  0.928 seconds
Platform modules already initialized, skipping
Refreshing native plugins compatible for Editor in 0.41 ms, found 0 plugins.
Preloading 0 native plugins for Editor in 0.00 ms.
Unloading 1101 Unused Serialized files (Serialized files now loaded: 0)
System memory in use before: 57.4 MB.
System memory in use after: 57.5 MB.

Unloading 5 unused Assets to reduce memory usage. Loaded Objects now: 1614.
Total: 3.932900 ms (FindLiveObjects: 0.551900 ms CreateObjectMapping: 0.098300 ms MarkObjects: 3.203000 ms  DeleteObjects: 0.077000 ms)

========================================================================
Received Prepare
Registering precompiled user dll's ...
Registered in 0.001632 seconds.
Begin MonoManager ReloadAssembly
Native extension for LinuxStandalone target not found
Native extension for WindowsStandalone target not found
Native extension for OSXStandalone target not found
Refreshing native plugins compatible for Editor in 0.44 ms, found 0 plugins.
Preloading 0 native plugins for Editor in 0.00 ms.
Invoked RoslynAnalysisRunner static constructor.
RoslynAnalysisRunner will not be running.
RoslynAnalysisRunner has terminated.
Mono: successfully reloaded assembly
- Completed reload, in  1.205 seconds
Platform modules already initialized, skipping
Refreshing native plugins compatible for Editor in 0.55 ms, found 0 plugins.
Preloading 0 native plugins for Editor in 0.00 ms.
Unloading 1101 Unused Serialized files (Serialized files now loaded: 0)
System memory in use before: 57.4 MB.
System memory in use after: 57.5 MB.

Unloading 5 unused Assets to reduce memory usage. Loaded Objects now: 1616.
Total: 2.285100 ms (FindLiveObjects: 0.272300 ms CreateObjectMapping: 0.061100 ms MarkObjects: 1.892800 ms  DeleteObjects: 0.056900 ms)

========================================================================
Received Prepare
Refreshing native plugins compatible for Editor in 1.13 ms, found 0 plugins.
Preloading 0 native plugins for Editor in 0.00 ms.
Unloading 3 Unused Serialized files (Serialized files now loaded: 0)
System memory in use before: 35.3 MB.
System memory in use after: 35.4 MB.

Unloading 3 unused Assets to reduce memory usage. Loaded Objects now: 1616.
Total: 1.981100 ms (FindLiveObjects: 0.305000 ms CreateObjectMapping: 0.104100 ms MarkObjects: 1.486600 ms  DeleteObjects: 0.084000 ms)

========================================================================
Received Import Request.
  Time since last request: 416.563575 seconds.
  path: Assets/Scenes/MainMenu.unity
  artifactKey: Guid(d4bfc2c1267f94e4c81008ca4cdfb77a) Importer(815301076,1909f56bfc062723c751e8b465ee728b)
Start importing Assets/Scenes/MainMenu.unity using Guid(d4bfc2c1267f94e4c81008ca4cdfb77a) Importer(815301076,1909f56bfc062723c751e8b465ee728b)  -> (artifact id: 'ab2a281cbf2cf686b9dc6e6624848a17') in 0.024674 seconds
  Import took 0.027603 seconds .

========================================================================
Received Import Request.
  Time since last request: 1.779999 seconds.
  path: Assets/Scenes/MainMenu.unity
  artifactKey: Guid(d4bfc2c1267f94e4c81008ca4cdfb77a) Importer(815301076,1909f56bfc062723c751e8b465ee728b)
Start importing Assets/Scenes/MainMenu.unity using Guid(d4bfc2c1267f94e4c81008ca4cdfb77a) Importer(815301076,1909f56bfc062723c751e8b465ee728b)  -> (artifact id: '0ac464a1973c937fd36049321983fdf6') in 0.013688 seconds
  Import took 0.016567 seconds .

========================================================================
Received Import Request.
  Time since last request: 167.327995 seconds.
  path: Assets/Scenes/Level_1.unity
  artifactKey: Guid(88ddc9da226abef4fb3135f66d04c223) Importer(815301076,1909f56bfc062723c751e8b465ee728b)
Start importing Assets/Scenes/Level_1.unity using Guid(88ddc9da226abef4fb3135f66d04c223) Importer(815301076,1909f56bfc062723c751e8b465ee728b)  -> (artifact id: 'b291bac49b58e62a39c22d36c962ac50') in 0.016348 seconds
  Import took 0.021035 seconds .

========================================================================
Received Import Request.
  Time since last request: 51.150416 seconds.
  path: Assets/Scenes/Level_2.unity
  artifactKey: Guid(3dc983c8f399b0b4db8c89e0285db026) Importer(815301076,1909f56bfc062723c751e8b465ee728b)
Start importing Assets/Scenes/Level_2.unity using Guid(3dc983c8f399b0b4db8c89e0285db026) Importer(815301076,1909f56bfc062723c751e8b465ee728b)  -> (artifact id: '02bb62a098a8d6d34cef00c8cbfc6f85') in 0.014740 seconds
  Import took 0.022410 seconds .

========================================================================
Received Import Request.
  Time since last request: 45.831438 seconds.
  path: Assets/Scenes/Level_1.unity
  artifactKey: Guid(88ddc9da226abef4fb3135f66d04c223) Importer(815301076,1909f56bfc062723c751e8b465ee728b)
Start importing Assets/Scenes/Level_1.unity using Guid(88ddc9da226abef4fb3135f66d04c223) Importer(815301076,1909f56bfc062723c751e8b465ee728b)  -> (artifact id: '5533b2a5256affc7b8614e9ba36bdbdb') in 0.004894 seconds
  Import took 0.007602 seconds .

========================================================================
Received Import Request.
  Time since last request: 24.980239 seconds.
  path: Assets/Scenes/MainMenu.unity
  artifactKey: Guid(d4bfc2c1267f94e4c81008ca4cdfb77a) Importer(815301076,1909f56bfc062723c751e8b465ee728b)
Start importing Assets/Scenes/MainMenu.unity using Guid(d4bfc2c1267f94e4c81008ca4cdfb77a) Importer(815301076,1909f56bfc062723c751e8b465ee728b)  -> (artifact id: 'a41d28ecb8ea76d8fe62cbf0e13b3c4c') in 0.005282 seconds
  Import took 0.008178 seconds .

========================================================================
Received Prepare
Registering precompiled user dll's ...
Registered in 0.000904 seconds.
Begin MonoManager ReloadAssembly
Native extension for LinuxStandalone target not found
Native extension for WindowsStandalone target not found
Native extension for OSXStandalone target not found
Refreshing native plugins compatible for Editor in 0.37 ms, found 0 plugins.
Preloading 0 native plugins for Editor in 0.00 ms.
Invoked RoslynAnalysisRunner static constructor.
RoslynAnalysisRunner will not be running.
RoslynAnalysisRunner has terminated.
Mono: successfully reloaded assembly
- Completed reload, in  0.918 seconds
Platform modules already initialized, skipping
Refreshing native plugins compatible for Editor in 0.21 ms, found 0 plugins.
Preloading 0 native plugins for Editor in 0.00 ms.
Unloading 1101 Unused Serialized files (Serialized files now loaded: 0)
System memory in use before: 57.4 MB.
System memory in use after: 57.5 MB.

Unloading 5 unused Assets to reduce memory usage. Loaded Objects now: 1618.
Total: 1.751900 ms (FindLiveObjects: 0.199600 ms CreateObjectMapping: 0.049000 ms MarkObjects: 1.417400 ms  DeleteObjects: 0.084400 ms)

========================================================================
Received Prepare
Registering precompiled user dll's ...
Registered in 0.000903 seconds.
Begin MonoManager ReloadAssembly
Native extension for LinuxStandalone target not found
Native extension for WindowsStandalone target not found
Native extension for OSXStandalone target not found
Refreshing native plugins compatible for Editor in 0.26 ms, found 0 plugins.
Preloading 0 native plugins for Editor in 0.00 ms.
Invoked RoslynAnalysisRunner static constructor.
RoslynAnalysisRunner will not be running.
RoslynAnalysisRunner has terminated.
Mono: successfully reloaded assembly
- Completed reload, in  0.930 seconds
Platform modules already initialized, skipping
Refreshing native plugins compatible for Editor in 0.22 ms, found 0 plugins.
Preloading 0 native plugins for Editor in 0.00 ms.
Unloading 1101 Unused Serialized files (Serialized files now loaded: 0)
System memory in use before: 57.4 MB.
System memory in use after: 57.5 MB.

Unloading 5 unused Assets to reduce memory usage. Loaded Objects now: 1620.
Total: 2.238900 ms (FindLiveObjects: 0.216000 ms CreateObjectMapping: 0.066200 ms MarkObjects: 1.857100 ms  DeleteObjects: 0.098100 ms)

